2024-02-28 16:07:59.479 [main] INFO  pages.ProfilePage - Страна выбрана
2024-02-28 16:08:10.218 [main] INFO  pages.ProfilePage - Город выбран
2024-02-28 16:08:10.340 [main] INFO  pages.ProfilePage - Выбран уровень английского
2024-02-28 16:08:10.403 [main] INFO  pages.ProfilePage - Готовность к переезду
2024-02-28 16:08:10.424 [main] INFO  pages.ProfilePage - Выбран формат работы
2024-02-28 16:08:10.744 [main] INFO  pages.ProfilePage - Добавлен 1 контакт
2024-02-28 16:08:11.076 [main] INFO  pages.ProfilePage - Добавлен 2 контакт
2024-02-28 16:08:11.263 [main] INFO  pages.ProfilePage - Добавлен пол
2024-02-28 16:08:47.207 [main] INFO  pages.ProfilePage - Сохранились
2024-02-29 18:23:12.280 [main] INFO  pages.ProfilePage - Страна выбрана
2024-02-29 18:23:23.042 [main] INFO  pages.ProfilePage - Город выбран
2024-02-29 18:25:40.032 [main] INFO  pages.ProfilePage - Страна выбрана
2024-02-29 18:25:50.755 [main] INFO  pages.ProfilePage - Город выбран
2024-02-29 18:25:50.856 [main] INFO  pages.ProfilePage - Выбран уровень английского
2024-02-29 18:25:50.909 [main] INFO  pages.ProfilePage - Готовность к переезду
2024-02-29 18:25:50.930 [main] INFO  pages.ProfilePage - Выбран формат работы
2024-02-29 18:27:53.723 [main] INFO  pages.ProfilePage - Страна выбрана
2024-02-29 18:28:04.452 [main] INFO  pages.ProfilePage - Город выбран
2024-02-29 18:28:04.548 [main] INFO  pages.ProfilePage - Выбран уровень английского
2024-02-29 18:28:04.604 [main] INFO  pages.ProfilePage - Готовность к переезду
2024-02-29 18:28:04.625 [main] INFO  pages.ProfilePage - Выбран формат работы
2024-02-29 18:39:47.489 [main] INFO  pages.ProfilePage - Страна выбрана
2024-02-29 18:39:58.214 [main] INFO  pages.ProfilePage - Город выбран
2024-02-29 18:42:29.322 [main] INFO  pages.ProfilePage - Страна выбрана
2024-02-29 18:42:40.097 [main] INFO  pages.ProfilePage - Город выбран
2024-02-29 18:42:40.200 [main] INFO  pages.ProfilePage - Выбран уровень английского
2024-02-29 18:42:40.256 [main] INFO  pages.ProfilePage - Готовность к переезду
2024-02-29 18:42:40.276 [main] INFO  pages.ProfilePage - Выбран формат работы
2024-02-29 18:50:12.213 [main] INFO  pages.ProfilePage - Страна выбрана
2024-02-29 18:50:22.959 [main] INFO  pages.ProfilePage - Город выбран
2024-02-29 18:50:23.066 [main] INFO  pages.ProfilePage - Выбран уровень английского
2024-02-29 18:50:23.124 [main] INFO  pages.ProfilePage - Готовность к переезду
2024-02-29 18:50:23.144 [main] INFO  pages.ProfilePage - Выбран формат работы
2024-02-29 18:50:23.447 [main] INFO  pages.ProfilePage - Добавлен 1 контакт
2024-02-29 18:50:23.767 [main] INFO  pages.ProfilePage - Добавлен 2 контакт
2024-02-29 18:50:23.926 [main] INFO  pages.ProfilePage - Добавлен пол
2024-03-01 15:31:03.356 [main] INFO  pages.ProfilePage - Страна выбрана
2024-03-01 15:31:14.080 [main] INFO  pages.ProfilePage - Город выбран
2024-03-01 15:31:14.188 [main] INFO  pages.ProfilePage - Выбран уровень английского
2024-03-01 15:31:14.250 [main] INFO  pages.ProfilePage - Готовность к переезду
2024-03-01 15:31:14.271 [main] INFO  pages.ProfilePage - Выбран формат работы
2024-03-01 15:31:14.623 [main] INFO  pages.ProfilePage - Добавлен 1 контакт
2024-03-01 15:31:14.923 [main] INFO  pages.ProfilePage - Добавлен 2 контакт
2024-03-01 15:31:15.145 [main] INFO  pages.ProfilePage - Добавлен пол
2024-03-01 15:31:57.870 [main] INFO  pages.ProfilePage - Сохранились
2024-03-01 19:20:39.831 [main] INFO  pages.ProfilePage - Страна выбрана
2024-03-01 19:20:50.463 [main] INFO  pages.ProfilePage - Город выбран
2024-03-01 19:20:50.558 [main] INFO  pages.ProfilePage - Выбран уровень английского
2024-03-01 19:20:50.602 [main] INFO  pages.ProfilePage - Готовность к переезду
2024-03-01 19:20:50.619 [main] INFO  pages.ProfilePage - Выбран формат работы
2024-03-01 19:23:06.233 [main] INFO  pages.ProfilePage - Страна выбрана
2024-03-01 19:23:16.868 [main] INFO  pages.ProfilePage - Город выбран
2024-03-01 19:23:16.985 [main] INFO  pages.ProfilePage - Выбран уровень английского
2024-03-01 19:23:17.038 [main] INFO  pages.ProfilePage - Готовность к переезду
2024-03-01 19:23:17.058 [main] INFO  pages.ProfilePage - Выбран формат работы
2024-03-01 19:23:17.344 [main] INFO  pages.ProfilePage - Добавлен 1 контакт
2024-03-01 19:23:17.595 [main] INFO  pages.ProfilePage - Добавлен 2 контакт
2024-03-01 19:23:17.776 [main] INFO  pages.ProfilePage - Добавлен пол
2024-03-01 19:24:02.482 [main] INFO  pages.ProfilePage - Сохранились
2024-03-01 20:04:52.597 [main] INFO  pages.ProfilePage - Страна выбрана
2024-03-01 20:05:03.310 [main] INFO  pages.ProfilePage - Город выбран
2024-03-01 20:05:03.408 [main] INFO  pages.ProfilePage - Выбран уровень английского
2024-03-01 20:05:03.464 [main] INFO  pages.ProfilePage - Готовность к переезду
2024-03-01 20:05:03.483 [main] INFO  pages.ProfilePage - Выбран формат работы
2024-03-01 20:05:03.803 [main] INFO  pages.ProfilePage - Добавлен 1 контакт
2024-03-01 20:05:04.059 [main] INFO  pages.ProfilePage - Добавлен 2 контакт
2024-03-01 20:05:04.206 [main] INFO  pages.ProfilePage - Добавлен пол
2024-03-01 20:05:44.727 [main] INFO  pages.ProfilePage - Сохранились
2024-03-02 11:10:00.626 [main] INFO  pages.ProfilePage - Страна выбрана
2024-03-02 11:10:11.289 [main] INFO  pages.ProfilePage - Город выбран
2024-03-02 11:10:11.381 [main] INFO  pages.ProfilePage - Выбран уровень английского
2024-03-02 11:10:11.433 [main] INFO  pages.ProfilePage - Готовность к переезду
2024-03-02 11:10:11.453 [main] INFO  pages.ProfilePage - Выбран формат работы
2024-03-02 11:10:11.718 [main] INFO  pages.ProfilePage - Добавлен 1 контакт
2024-03-02 11:10:11.970 [main] INFO  pages.ProfilePage - Добавлен 2 контакт
2024-03-02 11:10:12.101 [main] INFO  pages.ProfilePage - Добавлен пол
2024-03-02 11:10:44.284 [main] INFO  pages.ProfilePage - Сохранились2024-05-28 17:05:59.569 [main] INFO  pages.ProfilePage - Страна выбрана
2024-05-28 17:06:17.544 [main] INFO  pages.ProfilePage - Город выбран
2024-05-28 17:06:23.421 [main] INFO  pages.ProfilePage - Выбран уровень английского
2024-05-28 17:06:25.485 [main] INFO  pages.ProfilePage - Готовность к переезду
2024-05-28 17:22:40.008 [main] INFO  pages.ProfilePage - Страна выбрана
2024-05-28 17:22:51.829 [main] INFO  pages.ProfilePage - Город выбран
2024-05-28 17:22:52.848 [main] INFO  pages.ProfilePage - Выбран уровень английского
2024-05-28 17:22:53.473 [main] INFO  pages.ProfilePage - Готовность к переезду
2024-05-28 17:25:31.208 [main] INFO  pages.ProfilePage - Страна выбрана
2024-05-28 17:25:42.894 [main] INFO  pages.ProfilePage - Город выбран
2024-05-28 17:25:43.822 [main] INFO  pages.ProfilePage - Выбран уровень английского
2024-05-28 17:25:44.464 [main] INFO  pages.ProfilePage - Готовность к переезду
2024-05-28 17:26:06.311 [main] INFO  pages.ProfilePage - Выбран формат работы
2024-05-28 17:32:55.767 [main] INFO  pages.ProfilePage - Страна выбрана
2024-05-28 17:33:07.774 [main] INFO  pages.ProfilePage - Город выбран
2024-05-28 17:33:08.722 [main] INFO  pages.ProfilePage - Выбран уровень английского
2024-05-28 17:33:09.294 [main] INFO  pages.ProfilePage - Готовность к переезду
2024-05-28 17:33:13.565 [main] INFO  pages.ProfilePage - Выбран формат работы
2024-05-28 17:36:07.571 [main] INFO  pages.ProfilePage - Страна выбрана
2024-05-28 17:36:19.562 [main] INFO  pages.ProfilePage - Город выбран
2024-05-28 17:36:21.158 [main] INFO  pages.ProfilePage - Выбран уровень английского
2024-05-28 17:36:21.787 [main] INFO  pages.ProfilePage - Готовность к переезду
2024-05-28 17:36:22.621 [main] INFO  pages.ProfilePage - Выбран формат работы
2024-05-28 17:41:51.926 [main] INFO  pages.ProfilePage - Страна выбрана
2024-05-28 17:42:04.022 [main] INFO  pages.ProfilePage - Город выбран
2024-05-28 17:42:05.712 [main] INFO  pages.ProfilePage - Выбран уровень английского
2024-05-28 17:42:06.724 [main] INFO  pages.ProfilePage - Готовность к переезду
2024-05-28 17:42:07.789 [main] INFO  pages.ProfilePage - Выбран формат работы
2024-05-28 17:46:19.607 [main] INFO  pages.ProfilePage - Страна выбрана
2024-05-28 17:46:31.580 [main] INFO  pages.ProfilePage - Город выбран
2024-05-28 17:46:32.577 [main] INFO  pages.ProfilePage - Выбран уровень английского
2024-05-28 17:46:33.324 [main] INFO  pages.ProfilePage - Готовность к переезду
2024-05-28 17:46:34.073 [main] INFO  pages.ProfilePage - Выбран формат работы
2024-05-28 17:52:50.724 [main] INFO  pages.ProfilePage - Страна выбрана
2024-05-28 17:53:02.341 [main] INFO  pages.ProfilePage - Город выбран
2024-05-28 17:53:03.433 [main] INFO  pages.ProfilePage - Выбран уровень английского
2024-05-28 17:53:04.062 [main] INFO  pages.ProfilePage - Готовность к переезду
2024-05-28 17:53:04.966 [main] INFO  pages.ProfilePage - Выбран формат работы
2024-05-28 17:56:05.806 [main] INFO  pages.ProfilePage - Страна выбрана
2024-05-28 17:56:17.531 [main] INFO  pages.ProfilePage - Город выбран
2024-05-28 17:56:18.533 [main] INFO  pages.ProfilePage - Выбран уровень английского
2024-05-28 17:56:19.110 [main] INFO  pages.ProfilePage - Готовность к переезду
2024-05-28 17:56:19.895 [main] INFO  pages.ProfilePage - Выбран формат работы
2024-05-28 17:58:57.309 [main] INFO  pages.ProfilePage - Страна выбрана
2024-05-28 17:59:08.762 [main] INFO  pages.ProfilePage - Город выбран
2024-05-28 17:59:09.959 [main] INFO  pages.ProfilePage - Выбран уровень английского
2024-05-28 17:59:10.626 [main] INFO  pages.ProfilePage - Готовность к переезду
2024-05-28 17:59:11.518 [main] INFO  pages.ProfilePage - Выбран формат работы
2024-05-28 18:02:29.681 [main] INFO  pages.ProfilePage - Страна выбрана
2024-05-28 18:02:41.280 [main] INFO  pages.ProfilePage - Город выбран
2024-05-28 18:02:42.215 [main] INFO  pages.ProfilePage - Выбран уровень английского
2024-05-28 18:02:42.720 [main] INFO  pages.ProfilePage - Готовность к переезду
2024-05-28 18:02:43.478 [main] INFO  pages.ProfilePage - Выбран формат работы
2024-05-28 18:11:59.428 [main] INFO  pages.ProfilePage - Страна выбрана
2024-05-28 18:12:11.988 [main] INFO  pages.ProfilePage - Город выбран
2024-05-28 18:12:13.541 [main] INFO  pages.ProfilePage - Выбран уровень английского
2024-05-28 18:12:14.480 [main] INFO  pages.ProfilePage - Готовность к переезду
2024-05-28 18:12:15.287 [main] INFO  pages.ProfilePage - Выбран формат работы
2024-05-28 18:16:25.669 [main] INFO  pages.ProfilePage - Страна выбрана
2024-05-28 18:16:37.495 [main] INFO  pages.ProfilePage - Город выбран
2024-05-28 18:16:38.487 [main] INFO  pages.ProfilePage - Выбран уровень английского
2024-05-28 18:16:39.178 [main] INFO  pages.ProfilePage - Готовность к переезду
2024-05-28 18:16:40.021 [main] INFO  pages.ProfilePage - Выбран формат работы
2024-05-28 18:18:36.813 [main] INFO  pages.ProfilePage - Страна выбрана
2024-05-28 18:18:48.642 [main] INFO  pages.ProfilePage - Город выбран
2024-05-28 18:18:49.654 [main] INFO  pages.ProfilePage - Выбран уровень английского
2024-05-28 18:18:50.179 [main] INFO  pages.ProfilePage - Готовность к переезду
2024-05-28 18:18:50.984 [main] INFO  pages.ProfilePage - Выбран формат работы
2024-05-28 18:21:18.949 [main] INFO  pages.ProfilePage - Страна выбрана
2024-05-28 18:21:30.701 [main] INFO  pages.ProfilePage - Город выбран
2024-05-28 18:21:31.612 [main] INFO  pages.ProfilePage - Выбран уровень английского
2024-05-28 18:21:32.242 [main] INFO  pages.ProfilePage - Готовность к переезду
2024-05-28 18:21:32.984 [main] INFO  pages.ProfilePage - Выбран формат работы
2024-05-28 18:24:07.025 [main] INFO  pages.ProfilePage - Страна выбрана
2024-05-28 18:24:18.900 [main] INFO  pages.ProfilePage - Город выбран
2024-05-28 18:24:20.003 [main] INFO  pages.ProfilePage - Выбран уровень английского
2024-05-28 18:24:20.569 [main] INFO  pages.ProfilePage - Готовность к переезду
2024-05-28 18:24:21.391 [main] INFO  pages.ProfilePage - Выбран формат работы
2024-05-28 18:24:50.615 [main] INFO  pages.ProfilePage - Добавлен 1 контакт
2024-05-28 18:26:46.803 [main] INFO  pages.ProfilePage - Страна выбрана
2024-05-28 18:26:58.580 [main] INFO  pages.ProfilePage - Город выбран
2024-05-28 18:26:59.441 [main] INFO  pages.ProfilePage - Выбран уровень английского
2024-05-28 18:27:00.157 [main] INFO  pages.ProfilePage - Готовность к переезду
2024-05-28 18:27:01.025 [main] INFO  pages.ProfilePage - Выбран формат работы
2024-05-28 18:27:14.408 [main] INFO  pages.ProfilePage - Добавлен 1 контакт
2024-05-28 18:28:56.929 [main] INFO  pages.ProfilePage - Страна выбрана
2024-05-28 18:29:08.749 [main] INFO  pages.ProfilePage - Город выбран
2024-05-28 18:29:09.978 [main] INFO  pages.ProfilePage - Выбран уровень английского
2024-05-28 18:29:10.792 [main] INFO  pages.ProfilePage - Готовность к переезду
2024-05-28 18:29:11.698 [main] INFO  pages.ProfilePage - Выбран формат работы
2024-05-28 18:29:24.114 [main] INFO  pages.ProfilePage - Добавлен 1 контакт
2024-05-28 18:29:34.952 [main] INFO  pages.ProfilePage - Добавлен 2 контакт
2024-05-28 18:29:36.017 [main] INFO  pages.ProfilePage - Добавлен пол
2024-05-28 18:33:06.053 [main] INFO  pages.ProfilePage - Страна выбрана
2024-05-28 18:33:18.078 [main] INFO  pages.ProfilePage - Город выбран
2024-05-28 18:33:19.136 [main] INFO  pages.ProfilePage - Выбран уровень английского
2024-05-28 18:33:19.642 [main] INFO  pages.ProfilePage - Готовность к переезду
2024-05-28 18:33:20.413 [main] INFO  pages.ProfilePage - Выбран формат работы
2024-05-28 18:33:32.818 [main] INFO  pages.ProfilePage - Добавлен 1 контакт
2024-05-28 18:33:34.763 [main] INFO  pages.ProfilePage - Добавлен 2 контакт
2024-05-28 18:33:35.628 [main] INFO  pages.ProfilePage - Добавлен пол
2024-05-28 18:35:35.071 [main] INFO  pages.ProfilePage - Страна выбрана
2024-05-28 18:35:46.781 [main] INFO  pages.ProfilePage - Город выбран
2024-05-28 18:35:47.747 [main] INFO  pages.ProfilePage - Выбран уровень английского
2024-05-28 18:35:48.321 [main] INFO  pages.ProfilePage - Готовность к переезду
2024-05-28 18:35:49.052 [main] INFO  pages.ProfilePage - Выбран формат работы
2024-05-28 18:36:01.469 [main] INFO  pages.ProfilePage - Добавлен 1 контакт
2024-05-28 18:36:03.500 [main] INFO  pages.ProfilePage - Добавлен 2 контакт
2024-05-28 18:36:04.409 [main] INFO  pages.ProfilePage - Добавлен пол
2024-05-28 18:38:58.718 [main] INFO  pages.ProfilePage - Страна выбрана
2024-05-28 18:39:10.510 [main] INFO  pages.ProfilePage - Город выбран
2024-05-28 18:39:11.577 [main] INFO  pages.ProfilePage - Выбран уровень английского
2024-05-28 18:39:12.134 [main] INFO  pages.ProfilePage - Готовность к переезду
2024-05-28 18:39:12.354 [main] INFO  pages.ProfilePage - Выбран формат работы
2024-05-28 18:39:15.322 [main] INFO  pages.ProfilePage - Добавлен 1 контакт
2024-05-28 18:39:17.447 [main] INFO  pages.ProfilePage - Добавлен 2 контакт
2024-05-28 18:39:18.278 [main] INFO  pages.ProfilePage - Добавлен пол
2024-05-28 18:59:06.264 [main] INFO  pages.ProfilePage - Страна выбрана
2024-05-28 18:59:16.596 [main] INFO  pages.ProfilePage - Город выбран
2024-05-28 18:59:16.711 [main] INFO  pages.ProfilePage - Выбран уровень английского
2024-05-28 18:59:16.772 [main] INFO  pages.ProfilePage - Готовность к переезду
2024-05-28 18:59:16.796 [main] INFO  pages.ProfilePage - Выбран формат работы
2024-05-28 18:59:17.135 [main] INFO  pages.ProfilePage - Добавлен 1 контакт
2024-05-28 18:59:17.433 [main] INFO  pages.ProfilePage - Добавлен 2 контакт
2024-05-28 18:59:17.539 [main] INFO  pages.ProfilePage - Добавлен пол
2024-05-28 18:59:55.427 [main] INFO  pages.ProfilePage - Сохранились
2024-05-28 19:46:15.546 [main] INFO  pages.ProfilePage - Страна выбрана
2024-05-28 19:46:25.949 [main] INFO  pages.ProfilePage - Город выбран
2024-05-28 19:46:26.063 [main] INFO  pages.ProfilePage - Выбран уровень английского
2024-05-28 19:46:26.129 [main] INFO  pages.ProfilePage - Готовность к переезду
2024-05-28 19:46:26.157 [main] INFO  pages.ProfilePage - Выбран формат работы
2024-05-28 19:46:26.508 [main] INFO  pages.ProfilePage - Добавлен 1 контакт
2024-05-28 19:46:26.800 [main] INFO  pages.ProfilePage - Добавлен 2 контакт
2024-05-28 19:46:26.914 [main] INFO  pages.ProfilePage - Добавлен пол
2024-05-28 19:46:50.193 [main] INFO  pages.ProfilePage - Сохранились
2024-05-28 20:48:59.824 [main] INFO  pages.ProfilePage - Страна выбрана
2024-05-28 20:49:10.148 [main] INFO  pages.ProfilePage - Город выбран
2024-05-28 20:49:10.261 [main] INFO  pages.ProfilePage - Выбран уровень английского
2024-05-28 20:49:10.324 [main] INFO  pages.ProfilePage - Готовность к переезду
2024-05-28 20:49:10.347 [main] INFO  pages.ProfilePage - Выбран формат работы
2024-05-28 20:49:10.711 [main] INFO  pages.ProfilePage - Добавлен 1 контакт
2024-05-28 20:49:10.990 [main] INFO  pages.ProfilePage - Добавлен 2 контакт
2024-05-28 20:49:11.093 [main] INFO  pages.ProfilePage - Добавлен пол
2024-05-28 20:49:33.676 [main] INFO  pages.ProfilePage - Сохранились
